{
  "/Users/jay/Desktop/gitea-react-toolkit/src/components/application-bar/styles.js": {
    "path": "/Users/jay/Desktop/gitea-react-toolkit/src/components/application-bar/styles.js",
    "statementMap": {
      "0": {
        "start": {
          "line": 1,
          "column": 20
        },
        "end": {
          "line": 1,
          "column": 23
        }
      },
      "1": {
        "start": {
          "line": 3,
          "column": 15
        },
        "end": {
          "line": 34,
          "column": 2
        }
      },
      "2": {
        "start": {
          "line": 3,
          "column": 27
        },
        "end": {
          "line": 34,
          "column": 1
        }
      }
    },
    "fnMap": {
      "0": {
        "name": "(anonymous_0)",
        "decl": {
          "start": {
            "line": 3,
            "column": 15
          },
          "end": {
            "line": 3,
            "column": 16
          }
        },
        "loc": {
          "start": {
            "line": 3,
            "column": 27
          },
          "end": {
            "line": 34,
            "column": 1
          }
        },
        "line": 3
      }
    },
    "branchMap": {},
    "s": {
      "0": 3,
      "1": 3,
      "2": 0
    },
    "f": {
      "0": 0
    },
    "b": {},
    "_coverageSchema": "43e27e138ebf9cfc5966b082cf9a028302ed4184",
    "hash": "5ed8abccdb63763d066b5d2da20c410e49cb2f20"
  },
  "/Users/jay/Desktop/gitea-react-toolkit/src/components/application-bar/ApplicationBar.js": {
    "path": "/Users/jay/Desktop/gitea-react-toolkit/src/components/application-bar/ApplicationBar.js",
    "statementMap": {
      "0": {
        "start": {
          "line": 32,
          "column": 30
        },
        "end": {
          "line": 32,
          "column": 57
        }
      },
      "1": {
        "start": {
          "line": 33,
          "column": 26
        },
        "end": {
          "line": 33,
          "column": 49
        }
      },
      "2": {
        "start": {
          "line": 35,
          "column": 2
        },
        "end": {
          "line": 38,
          "column": 3
        }
      },
      "3": {
        "start": {
          "line": 36,
          "column": 4
        },
        "end": {
          "line": 36,
          "column": 50
        }
      },
      "4": {
        "start": {
          "line": 37,
          "column": 4
        },
        "end": {
          "line": 37,
          "column": 66
        }
      },
      "5": {
        "start": {
          "line": 40,
          "column": 2
        },
        "end": {
          "line": 42,
          "column": 3
        }
      },
      "6": {
        "start": {
          "line": 41,
          "column": 4
        },
        "end": {
          "line": 41,
          "column": 13
        }
      },
      "7": {
        "start": {
          "line": 45,
          "column": 4
        },
        "end": {
          "line": 51,
          "column": 6
        }
      },
      "8": {
        "start": {
          "line": 54,
          "column": 4
        },
        "end": {
          "line": 59,
          "column": 6
        }
      },
      "9": {
        "start": {
          "line": 62,
          "column": 4
        },
        "end": {
          "line": 66,
          "column": 6
        }
      },
      "10": {
        "start": {
          "line": 69,
          "column": 2
        },
        "end": {
          "line": 92,
          "column": 4
        }
      },
      "11": {
        "start": {
          "line": 95,
          "column": 0
        },
        "end": {
          "line": 104,
          "column": 2
        }
      },
      "12": {
        "start": {
          "line": 106,
          "column": 30
        },
        "end": {
          "line": 106,
          "column": 94
        }
      }
    },
    "fnMap": {
      "0": {
        "name": "ApplicationBarComponent",
        "decl": {
          "start": {
            "line": 18,
            "column": 9
          },
          "end": {
            "line": 18,
            "column": 32
          }
        },
        "loc": {
          "start": {
            "line": 31,
            "column": 3
          },
          "end": {
            "line": 93,
            "column": 1
          }
        },
        "line": 31
      }
    },
    "branchMap": {
      "0": {
        "loc": {
          "start": {
            "line": 35,
            "column": 2
          },
          "end": {
            "line": 38,
            "column": 3
          }
        },
        "type": "if",
        "locations": [
          {
            "start": {
              "line": 35,
              "column": 2
            },
            "end": {
              "line": 38,
              "column": 3
            }
          },
          {
            "start": {
              "line": 35,
              "column": 2
            },
            "end": {
              "line": 38,
              "column": 3
            }
          }
        ],
        "line": 35
      },
      "1": {
        "loc": {
          "start": {
            "line": 35,
            "column": 6
          },
          "end": {
            "line": 35,
            "column": 45
          }
        },
        "type": "binary-expr",
        "locations": [
          {
            "start": {
              "line": 35,
              "column": 6
            },
            "end": {
              "line": 35,
              "column": 20
            }
          },
          {
            "start": {
              "line": 35,
              "column": 24
            },
            "end": {
              "line": 35,
              "column": 45
            }
          }
        ],
        "line": 35
      },
      "2": {
        "loc": {
          "start": {
            "line": 40,
            "column": 2
          },
          "end": {
            "line": 42,
            "column": 3
          }
        },
        "type": "if",
        "locations": [
          {
            "start": {
              "line": 40,
              "column": 2
            },
            "end": {
              "line": 42,
              "column": 3
            }
          },
          {
            "start": {
              "line": 40,
              "column": 2
            },
            "end": {
              "line": 42,
              "column": 3
            }
          }
        ],
        "line": 40
      },
      "3": {
        "loc": {
          "start": {
            "line": 40,
            "column": 6
          },
          "end": {
            "line": 40,
            "column": 25
          }
        },
        "type": "binary-expr",
        "locations": [
          {
            "start": {
              "line": 40,
              "column": 6
            },
            "end": {
              "line": 40,
              "column": 17
            }
          },
          {
            "start": {
              "line": 40,
              "column": 21
            },
            "end": {
              "line": 40,
              "column": 25
            }
          }
        ],
        "line": 40
      },
      "4": {
        "loc": {
          "start": {
            "line": 83,
            "column": 13
          },
          "end": {
            "line": 83,
            "column": 38
          }
        },
        "type": "cond-expr",
        "locations": [
          {
            "start": {
              "line": 83,
              "column": 20
            },
            "end": {
              "line": 83,
              "column": 33
            }
          },
          {
            "start": {
              "line": 83,
              "column": 36
            },
            "end": {
              "line": 83,
              "column": 38
            }
          }
        ],
        "line": 83
      }
    },
    "s": {
      "0": 0,
      "1": 0,
      "2": 0,
      "3": 0,
      "4": 0,
      "5": 0,
      "6": 0,
      "7": 0,
      "8": 0,
      "9": 0,
      "10": 0,
      "11": 3,
      "12": 3
    },
    "f": {
      "0": 0
    },
    "b": {
      "0": [
        0,
        0
      ],
      "1": [
        0,
        0
      ],
      "2": [
        0,
        0
      ],
      "3": [
        0,
        0
      ],
      "4": [
        0,
        0
      ]
    },
    "_coverageSchema": "43e27e138ebf9cfc5966b082cf9a028302ed4184",
    "hash": "ac5bd229b298ac42fcfb987425224d46950547d0"
  },
  "/Users/jay/Desktop/gitea-react-toolkit/src/components/authentication/helpers.js": {
    "path": "/Users/jay/Desktop/gitea-react-toolkit/src/components/authentication/helpers.js",
    "statementMap": {
      "0": {
        "start": {
          "line": 3,
          "column": 28
        },
        "end": {
          "line": 6,
          "column": 2
        }
      },
      "1": {
        "start": {
          "line": 8,
          "column": 31
        },
        "end": {
          "line": 8,
          "column": 88
        }
      },
      "2": {
        "start": {
          "line": 8,
          "column": 42
        },
        "end": {
          "line": 8,
          "column": 87
        }
      },
      "3": {
        "start": {
          "line": 10,
          "column": 23
        },
        "end": {
          "line": 19,
          "column": 1
        }
      },
      "4": {
        "start": {
          "line": 12,
          "column": 2
        },
        "end": {
          "line": 17,
          "column": 3
        }
      },
      "5": {
        "start": {
          "line": 13,
          "column": 18
        },
        "end": {
          "line": 13,
          "column": 69
        }
      },
      "6": {
        "start": {
          "line": 14,
          "column": 4
        },
        "end": {
          "line": 14,
          "column": 39
        }
      },
      "7": {
        "start": {
          "line": 16,
          "column": 4
        },
        "end": {
          "line": 16,
          "column": 26
        }
      },
      "8": {
        "start": {
          "line": 18,
          "column": 2
        },
        "end": {
          "line": 18,
          "column": 24
        }
      },
      "9": {
        "start": {
          "line": 21,
          "column": 24
        },
        "end": {
          "line": 30,
          "column": 1
        }
      },
      "10": {
        "start": {
          "line": 23,
          "column": 2
        },
        "end": {
          "line": 28,
          "column": 3
        }
      },
      "11": {
        "start": {
          "line": 24,
          "column": 18
        },
        "end": {
          "line": 24,
          "column": 48
        }
      },
      "12": {
        "start": {
          "line": 25,
          "column": 4
        },
        "end": {
          "line": 25,
          "column": 74
        }
      },
      "13": {
        "start": {
          "line": 27,
          "column": 4
        },
        "end": {
          "line": 27,
          "column": 70
        }
      },
      "14": {
        "start": {
          "line": 29,
          "column": 2
        },
        "end": {
          "line": 29,
          "column": 18
        }
      }
    },
    "fnMap": {
      "0": {
        "name": "(anonymous_0)",
        "decl": {
          "start": {
            "line": 8,
            "column": 31
          },
          "end": {
            "line": 8,
            "column": 32
          }
        },
        "loc": {
          "start": {
            "line": 8,
            "column": 42
          },
          "end": {
            "line": 8,
            "column": 87
          }
        },
        "line": 8
      },
      "1": {
        "name": "(anonymous_1)",
        "decl": {
          "start": {
            "line": 10,
            "column": 23
          },
          "end": {
            "line": 10,
            "column": 24
          }
        },
        "loc": {
          "start": {
            "line": 10,
            "column": 35
          },
          "end": {
            "line": 19,
            "column": 1
          }
        },
        "line": 10
      },
      "2": {
        "name": "(anonymous_2)",
        "decl": {
          "start": {
            "line": 21,
            "column": 24
          },
          "end": {
            "line": 21,
            "column": 25
          }
        },
        "loc": {
          "start": {
            "line": 21,
            "column": 50
          },
          "end": {
            "line": 30,
            "column": 1
          }
        },
        "line": 21
      }
    },
    "branchMap": {
      "0": {
        "loc": {
          "start": {
            "line": 8,
            "column": 42
          },
          "end": {
            "line": 8,
            "column": 87
          }
        },
        "type": "binary-expr",
        "locations": [
          {
            "start": {
              "line": 8,
              "column": 42
            },
            "end": {
              "line": 8,
              "column": 46
            }
          },
          {
            "start": {
              "line": 8,
              "column": 50
            },
            "end": {
              "line": 8,
              "column": 60
            }
          },
          {
            "start": {
              "line": 8,
              "column": 64
            },
            "end": {
              "line": 8,
              "column": 74
            }
          },
          {
            "start": {
              "line": 8,
              "column": 78
            },
            "end": {
              "line": 8,
              "column": 87
            }
          }
        ],
        "line": 8
      },
      "1": {
        "loc": {
          "start": {
            "line": 23,
            "column": 2
          },
          "end": {
            "line": 28,
            "column": 3
          }
        },
        "type": "if",
        "locations": [
          {
            "start": {
              "line": 23,
              "column": 2
            },
            "end": {
              "line": 28,
              "column": 3
            }
          },
          {
            "start": {
              "line": 23,
              "column": 2
            },
            "end": {
              "line": 28,
              "column": 3
            }
          }
        ],
        "line": 23
      }
    },
    "s": {
      "0": 3,
      "1": 3,
      "2": 18,
      "3": 3,
      "4": 13,
      "5": 13,
      "6": 13,
      "7": 0,
      "8": 13,
      "9": 3,
      "10": 1,
      "11": 1,
      "12": 1,
      "13": 0,
      "14": 0
    },
    "f": {
      "0": 18,
      "1": 13,
      "2": 1
    },
    "b": {
      "0": [
        18,
        2,
        2,
        2
      ],
      "1": [
        1,
        0
      ]
    },
    "_coverageSchema": "43e27e138ebf9cfc5966b082cf9a028302ed4184",
    "hash": "ec23999a4374fb4b2d0f9d9a3d7c26349e5649f1"
  },
  "/Users/jay/Desktop/gitea-react-toolkit/src/components/authentication/withAuthentication.js": {
    "path": "/Users/jay/Desktop/gitea-react-toolkit/src/components/authentication/withAuthentication.js",
    "statementMap": {
      "0": {
        "start": {
          "line": 8,
          "column": 2
        },
        "end": {
          "line": 41,
          "column": 3
        }
      },
      "1": {
        "start": {
          "line": 17,
          "column": 28
        },
        "end": {
          "line": 17,
          "column": 52
        }
      },
      "2": {
        "start": {
          "line": 19,
          "column": 33
        },
        "end": {
          "line": 22,
          "column": 5
        }
      },
      "3": {
        "start": {
          "line": 20,
          "column": 6
        },
        "end": {
          "line": 21,
          "column": 26
        }
      },
      "4": {
        "start": {
          "line": 20,
          "column": 28
        },
        "end": {
          "line": 20,
          "column": 52
        }
      },
      "5": {
        "start": {
          "line": 21,
          "column": 11
        },
        "end": {
          "line": 21,
          "column": 26
        }
      },
      "6": {
        "start": {
          "line": 24,
          "column": 20
        },
        "end": {
          "line": 24,
          "column": 27
        }
      },
      "7": {
        "start": {
          "line": 25,
          "column": 4
        },
        "end": {
          "line": 34,
          "column": 5
        }
      },
      "8": {
        "start": {
          "line": 26,
          "column": 6
        },
        "end": {
          "line": 33,
          "column": 8
        }
      },
      "9": {
        "start": {
          "line": 36,
          "column": 4
        },
        "end": {
          "line": 38,
          "column": 5
        }
      },
      "10": {
        "start": {
          "line": 37,
          "column": 6
        },
        "end": {
          "line": 37,
          "column": 65
        }
      },
      "11": {
        "start": {
          "line": 40,
          "column": 4
        },
        "end": {
          "line": 40,
          "column": 22
        }
      },
      "12": {
        "start": {
          "line": 44,
          "column": 0
        },
        "end": {
          "line": 68,
          "column": 2
        }
      },
      "13": {
        "start": {
          "line": 70,
          "column": 34
        },
        "end": {
          "line": 70,
          "column": 61
        }
      }
    },
    "fnMap": {
      "0": {
        "name": "withAuthenticationComponent",
        "decl": {
          "start": {
            "line": 7,
            "column": 9
          },
          "end": {
            "line": 7,
            "column": 36
          }
        },
        "loc": {
          "start": {
            "line": 7,
            "column": 48
          },
          "end": {
            "line": 42,
            "column": 1
          }
        },
        "line": 7
      },
      "1": {
        "name": "AuthenticatedComponent",
        "decl": {
          "start": {
            "line": 8,
            "column": 18
          },
          "end": {
            "line": 8,
            "column": 40
          }
        },
        "loc": {
          "start": {
            "line": 16,
            "column": 5
          },
          "end": {
            "line": 41,
            "column": 3
          }
        },
        "line": 16
      },
      "2": {
        "name": "(anonymous_2)",
        "decl": {
          "start": {
            "line": 19,
            "column": 33
          },
          "end": {
            "line": 19,
            "column": 34
          }
        },
        "loc": {
          "start": {
            "line": 19,
            "column": 44
          },
          "end": {
            "line": 22,
            "column": 5
          }
        },
        "line": 19
      }
    },
    "branchMap": {
      "0": {
        "loc": {
          "start": {
            "line": 20,
            "column": 6
          },
          "end": {
            "line": 21,
            "column": 26
          }
        },
        "type": "if",
        "locations": [
          {
            "start": {
              "line": 20,
              "column": 6
            },
            "end": {
              "line": 21,
              "column": 26
            }
          },
          {
            "start": {
              "line": 20,
              "column": 6
            },
            "end": {
              "line": 21,
              "column": 26
            }
          }
        ],
        "line": 20
      },
      "1": {
        "loc": {
          "start": {
            "line": 25,
            "column": 4
          },
          "end": {
            "line": 34,
            "column": 5
          }
        },
        "type": "if",
        "locations": [
          {
            "start": {
              "line": 25,
              "column": 4
            },
            "end": {
              "line": 34,
              "column": 5
            }
          },
          {
            "start": {
              "line": 25,
              "column": 4
            },
            "end": {
              "line": 34,
              "column": 5
            }
          }
        ],
        "line": 25
      },
      "2": {
        "loc": {
          "start": {
            "line": 25,
            "column": 8
          },
          "end": {
            "line": 25,
            "column": 40
          }
        },
        "type": "binary-expr",
        "locations": [
          {
            "start": {
              "line": 25,
              "column": 8
            },
            "end": {
              "line": 25,
              "column": 30
            }
          },
          {
            "start": {
              "line": 25,
              "column": 34
            },
            "end": {
              "line": 25,
              "column": 40
            }
          }
        ],
        "line": 25
      },
      "3": {
        "loc": {
          "start": {
            "line": 36,
            "column": 4
          },
          "end": {
            "line": 38,
            "column": 5
          }
        },
        "type": "if",
        "locations": [
          {
            "start": {
              "line": 36,
              "column": 4
            },
            "end": {
              "line": 38,
              "column": 5
            }
          },
          {
            "start": {
              "line": 36,
              "column": 4
            },
            "end": {
              "line": 38,
              "column": 5
            }
          }
        ],
        "line": 36
      }
    },
    "s": {
      "0": 3,
      "1": 9,
      "2": 9,
      "3": 8,
      "4": 0,
      "5": 8,
      "6": 9,
      "7": 9,
      "8": 8,
      "9": 9,
      "10": 1,
      "11": 9,
      "12": 3,
      "13": 3
    },
    "f": {
      "0": 3,
      "1": 9,
      "2": 8
    },
    "b": {
      "0": [
        0,
        8
      ],
      "1": [
        8,
        1
      ],
      "2": [
        9,
        8
      ],
      "3": [
        1,
        8
      ]
    },
    "_coverageSchema": "43e27e138ebf9cfc5966b082cf9a028302ed4184",
    "hash": "f5a324c5e75f851eb08548b8cc08e11e6a8da88b"
  },
  "/Users/jay/Desktop/gitea-react-toolkit/src/core/gitea-api/users/users.ts": {
    "path": "/Users/jay/Desktop/gitea-react-toolkit/src/core/gitea-api/users/users.ts",
    "statementMap": {
      "0": {
        "start": {
          "line": 5,
          "column": 23
        },
        "end": {
          "line": 18,
          "column": 1
        }
      },
      "1": {
        "start": {
          "line": 10,
          "column": 14
        },
        "end": {
          "line": 10,
          "column": 51
        }
      },
      "2": {
        "start": {
          "line": 12,
          "column": 2
        },
        "end": {
          "line": 16,
          "column": 3
        }
      },
      "3": {
        "start": {
          "line": 13,
          "column": 4
        },
        "end": {
          "line": 13,
          "column": 38
        }
      },
      "4": {
        "start": {
          "line": 15,
          "column": 4
        },
        "end": {
          "line": 15,
          "column": 16
        }
      },
      "5": {
        "start": {
          "line": 17,
          "column": 2
        },
        "end": {
          "line": 17,
          "column": 14
        }
      },
      "6": {
        "start": {
          "line": 20,
          "column": 22
        },
        "end": {
          "line": 36,
          "column": 1
        }
      },
      "7": {
        "start": {
          "line": 26,
          "column": 2
        },
        "end": {
          "line": 34,
          "column": 3
        }
      },
      "8": {
        "start": {
          "line": 27,
          "column": 17
        },
        "end": {
          "line": 27,
          "column": 52
        }
      },
      "9": {
        "start": {
          "line": 29,
          "column": 4
        },
        "end": {
          "line": 31,
          "column": 5
        }
      },
      "10": {
        "start": {
          "line": 30,
          "column": 6
        },
        "end": {
          "line": 30,
          "column": 20
        }
      },
      "11": {
        "start": {
          "line": 33,
          "column": 4
        },
        "end": {
          "line": 33,
          "column": 15
        }
      },
      "12": {
        "start": {
          "line": 35,
          "column": 2
        },
        "end": {
          "line": 35,
          "column": 13
        }
      }
    },
    "fnMap": {
      "0": {
        "name": "(anonymous_0)",
        "decl": {
          "start": {
            "line": 5,
            "column": 23
          },
          "end": {
            "line": 5,
            "column": 24
          }
        },
        "loc": {
          "start": {
            "line": 8,
            "column": 38
          },
          "end": {
            "line": 18,
            "column": 1
          }
        },
        "line": 8
      },
      "1": {
        "name": "(anonymous_1)",
        "decl": {
          "start": {
            "line": 20,
            "column": 22
          },
          "end": {
            "line": 20,
            "column": 23
          }
        },
        "loc": {
          "start": {
            "line": 23,
            "column": 23
          },
          "end": {
            "line": 36,
            "column": 1
          }
        },
        "line": 23
      }
    },
    "branchMap": {
      "0": {
        "loc": {
          "start": {
            "line": 29,
            "column": 4
          },
          "end": {
            "line": 31,
            "column": 5
          }
        },
        "type": "if",
        "locations": [
          {
            "start": {
              "line": 29,
              "column": 4
            },
            "end": {
              "line": 31,
              "column": 5
            }
          },
          {
            "start": {
              "line": 29,
              "column": 4
            },
            "end": {
              "line": 31,
              "column": 5
            }
          }
        ],
        "line": 29
      }
    },
    "s": {
      "0": 3,
      "1": 3,
      "2": 3,
      "3": 3,
      "4": 1,
      "5": 2,
      "6": 3,
      "7": 0,
      "8": 0,
      "9": 0,
      "10": 0,
      "11": 0,
      "12": 0
    },
    "f": {
      "0": 3,
      "1": 0
    },
    "b": {
      "0": [
        0,
        0
      ]
    },
    "_coverageSchema": "43e27e138ebf9cfc5966b082cf9a028302ed4184",
    "hash": "a2cf1487edfa65086971dc21e5e3aac42b7f22dc"
  },
  "/Users/jay/Desktop/gitea-react-toolkit/src/core/gitea-api/users/tokens.ts": {
    "path": "/Users/jay/Desktop/gitea-react-toolkit/src/core/gitea-api/users/tokens.ts",
    "statementMap": {
      "0": {
        "start": {
          "line": 27,
          "column": 36
        },
        "end": {
          "line": 37,
          "column": 1
        }
      },
      "1": {
        "start": {
          "line": 29,
          "column": 14
        },
        "end": {
          "line": 29,
          "column": 61
        }
      },
      "2": {
        "start": {
          "line": 31,
          "column": 2
        },
        "end": {
          "line": 35,
          "column": 3
        }
      },
      "3": {
        "start": {
          "line": 32,
          "column": 4
        },
        "end": {
          "line": 32,
          "column": 40
        }
      },
      "4": {
        "start": {
          "line": 34,
          "column": 4
        },
        "end": {
          "line": 34,
          "column": 18
        }
      },
      "5": {
        "start": {
          "line": 36,
          "column": 2
        },
        "end": {
          "line": 36,
          "column": 16
        }
      },
      "6": {
        "start": {
          "line": 44,
          "column": 40
        },
        "end": {
          "line": 57,
          "column": 1
        }
      },
      "7": {
        "start": {
          "line": 46,
          "column": 14
        },
        "end": {
          "line": 46,
          "column": 61
        }
      },
      "8": {
        "start": {
          "line": 47,
          "column": 18
        },
        "end": {
          "line": 47,
          "column": 44
        }
      },
      "9": {
        "start": {
          "line": 49,
          "column": 2
        },
        "end": {
          "line": 55,
          "column": 3
        }
      },
      "10": {
        "start": {
          "line": 50,
          "column": 4
        },
        "end": {
          "line": 52,
          "column": 7
        }
      },
      "11": {
        "start": {
          "line": 54,
          "column": 4
        },
        "end": {
          "line": 54,
          "column": 15
        }
      },
      "12": {
        "start": {
          "line": 56,
          "column": 2
        },
        "end": {
          "line": 56,
          "column": 15
        }
      },
      "13": {
        "start": {
          "line": 64,
          "column": 40
        },
        "end": {
          "line": 80,
          "column": 1
        }
      },
      "14": {
        "start": {
          "line": 68,
          "column": 13
        },
        "end": {
          "line": 68,
          "column": 32
        }
      },
      "15": {
        "start": {
          "line": 69,
          "column": 14
        },
        "end": {
          "line": 69,
          "column": 65
        }
      },
      "16": {
        "start": {
          "line": 71,
          "column": 2
        },
        "end": {
          "line": 78,
          "column": 3
        }
      },
      "17": {
        "start": {
          "line": 72,
          "column": 4
        },
        "end": {
          "line": 74,
          "column": 7
        }
      },
      "18": {
        "start": {
          "line": 75,
          "column": 4
        },
        "end": {
          "line": 75,
          "column": 19
        }
      },
      "19": {
        "start": {
          "line": 77,
          "column": 4
        },
        "end": {
          "line": 77,
          "column": 20
        }
      },
      "20": {
        "start": {
          "line": 79,
          "column": 2
        },
        "end": {
          "line": 79,
          "column": 17
        }
      },
      "21": {
        "start": {
          "line": 84,
          "column": 40
        },
        "end": {
          "line": 101,
          "column": 1
        }
      },
      "22": {
        "start": {
          "line": 85,
          "column": 17
        },
        "end": {
          "line": 85,
          "column": 54
        }
      },
      "23": {
        "start": {
          "line": 87,
          "column": 2
        },
        "end": {
          "line": 97,
          "column": 3
        }
      },
      "24": {
        "start": {
          "line": 88,
          "column": 25
        },
        "end": {
          "line": 88,
          "column": 80
        }
      },
      "25": {
        "start": {
          "line": 88,
          "column": 49
        },
        "end": {
          "line": 88,
          "column": 79
        }
      },
      "26": {
        "start": {
          "line": 90,
          "column": 4
        },
        "end": {
          "line": 96,
          "column": 5
        }
      },
      "27": {
        "start": {
          "line": 91,
          "column": 20
        },
        "end": {
          "line": 91,
          "column": 35
        }
      },
      "28": {
        "start": {
          "line": 93,
          "column": 6
        },
        "end": {
          "line": 95,
          "column": 9
        }
      },
      "29": {
        "start": {
          "line": 99,
          "column": 16
        },
        "end": {
          "line": 99,
          "column": 55
        }
      },
      "30": {
        "start": {
          "line": 100,
          "column": 2
        },
        "end": {
          "line": 100,
          "column": 15
        }
      }
    },
    "fnMap": {
      "0": {
        "name": "(anonymous_0)",
        "decl": {
          "start": {
            "line": 27,
            "column": 36
          },
          "end": {
            "line": 27,
            "column": 37
          }
        },
        "loc": {
          "start": {
            "line": 27,
            "column": 68
          },
          "end": {
            "line": 37,
            "column": 1
          }
        },
        "line": 27
      },
      "1": {
        "name": "(anonymous_1)",
        "decl": {
          "start": {
            "line": 44,
            "column": 40
          },
          "end": {
            "line": 44,
            "column": 41
          }
        },
        "loc": {
          "start": {
            "line": 44,
            "column": 72
          },
          "end": {
            "line": 57,
            "column": 1
          }
        },
        "line": 44
      },
      "2": {
        "name": "(anonymous_2)",
        "decl": {
          "start": {
            "line": 64,
            "column": 40
          },
          "end": {
            "line": 64,
            "column": 41
          }
        },
        "loc": {
          "start": {
            "line": 66,
            "column": 6
          },
          "end": {
            "line": 80,
            "column": 1
          }
        },
        "line": 66
      },
      "3": {
        "name": "(anonymous_3)",
        "decl": {
          "start": {
            "line": 84,
            "column": 40
          },
          "end": {
            "line": 84,
            "column": 41
          }
        },
        "loc": {
          "start": {
            "line": 84,
            "column": 72
          },
          "end": {
            "line": 101,
            "column": 1
          }
        },
        "line": 84
      },
      "4": {
        "name": "(anonymous_4)",
        "decl": {
          "start": {
            "line": 88,
            "column": 39
          },
          "end": {
            "line": 88,
            "column": 40
          }
        },
        "loc": {
          "start": {
            "line": 88,
            "column": 49
          },
          "end": {
            "line": 88,
            "column": 79
          }
        },
        "line": 88
      }
    },
    "branchMap": {
      "0": {
        "loc": {
          "start": {
            "line": 87,
            "column": 2
          },
          "end": {
            "line": 97,
            "column": 3
          }
        },
        "type": "if",
        "locations": [
          {
            "start": {
              "line": 87,
              "column": 2
            },
            "end": {
              "line": 97,
              "column": 3
            }
          },
          {
            "start": {
              "line": 87,
              "column": 2
            },
            "end": {
              "line": 97,
              "column": 3
            }
          }
        ],
        "line": 87
      },
      "1": {
        "loc": {
          "start": {
            "line": 90,
            "column": 4
          },
          "end": {
            "line": 96,
            "column": 5
          }
        },
        "type": "if",
        "locations": [
          {
            "start": {
              "line": 90,
              "column": 4
            },
            "end": {
              "line": 96,
              "column": 5
            }
          },
          {
            "start": {
              "line": 90,
              "column": 4
            },
            "end": {
              "line": 96,
              "column": 5
            }
          }
        ],
        "line": 90
      },
      "2": {
        "loc": {
          "start": {
            "line": 90,
            "column": 8
          },
          "end": {
            "line": 90,
            "column": 43
          }
        },
        "type": "binary-expr",
        "locations": [
          {
            "start": {
              "line": 90,
              "column": 8
            },
            "end": {
              "line": 90,
              "column": 20
            }
          },
          {
            "start": {
              "line": 90,
              "column": 24
            },
            "end": {
              "line": 90,
              "column": 43
            }
          }
        ],
        "line": 90
      }
    },
    "s": {
      "0": 3,
      "1": 2,
      "2": 2,
      "3": 2,
      "4": 2,
      "5": 2,
      "6": 3,
      "7": 2,
      "8": 2,
      "9": 2,
      "10": 2,
      "11": 2,
      "12": 2,
      "13": 3,
      "14": 0,
      "15": 0,
      "16": 0,
      "17": 0,
      "18": 0,
      "19": 0,
      "20": 0,
      "21": 3,
      "22": 2,
      "23": 2,
      "24": 0,
      "25": 0,
      "26": 0,
      "27": 0,
      "28": 0,
      "29": 2,
      "30": 2
    },
    "f": {
      "0": 2,
      "1": 2,
      "2": 0,
      "3": 2,
      "4": 0
    },
    "b": {
      "0": [
        0,
        2
      ],
      "1": [
        0,
        0
      ],
      "2": [
        0,
        0
      ]
    },
    "_coverageSchema": "43e27e138ebf9cfc5966b082cf9a028302ed4184",
    "hash": "206904e1b20d59b8962294495d335786bd1dbede"
  },
  "/Users/jay/Desktop/gitea-react-toolkit/src/core/gitea-api/users/index.ts": {
    "path": "/Users/jay/Desktop/gitea-react-toolkit/src/core/gitea-api/users/index.ts",
    "statementMap": {},
    "fnMap": {},
    "branchMap": {},
    "s": {},
    "f": {},
    "b": {},
    "_coverageSchema": "43e27e138ebf9cfc5966b082cf9a028302ed4184",
    "hash": "8a2470979e6ad86834166abce2e6684d8ecd2270"
  },
  "/Users/jay/Desktop/gitea-react-toolkit/src/core/gitea-api/authentication.ts": {
    "path": "/Users/jay/Desktop/gitea-react-toolkit/src/core/gitea-api/authentication.ts",
    "statementMap": {
      "0": {
        "start": {
          "line": 12,
          "column": 58
        },
        "end": {
          "line": 25,
          "column": 1
        }
      },
      "1": {
        "start": {
          "line": 15,
          "column": 23
        },
        "end": {
          "line": 15,
          "column": 25
        }
      },
      "2": {
        "start": {
          "line": 17,
          "column": 2
        },
        "end": {
          "line": 23,
          "column": 3
        }
      },
      "3": {
        "start": {
          "line": 18,
          "column": 17
        },
        "end": {
          "line": 18,
          "column": 63
        }
      },
      "4": {
        "start": {
          "line": 19,
          "column": 4
        },
        "end": {
          "line": 19,
          "column": 37
        }
      },
      "5": {
        "start": {
          "line": 20,
          "column": 9
        },
        "end": {
          "line": 23,
          "column": 3
        }
      },
      "6": {
        "start": {
          "line": 21,
          "column": 20
        },
        "end": {
          "line": 21,
          "column": 73
        }
      },
      "7": {
        "start": {
          "line": 22,
          "column": 4
        },
        "end": {
          "line": 22,
          "column": 40
        }
      },
      "8": {
        "start": {
          "line": 24,
          "column": 2
        },
        "end": {
          "line": 24,
          "column": 24
        }
      },
      "9": {
        "start": {
          "line": 37,
          "column": 58
        },
        "end": {
          "line": 55,
          "column": 1
        }
      },
      "10": {
        "start": {
          "line": 40,
          "column": 44
        },
        "end": {
          "line": 43,
          "column": 3
        }
      },
      "11": {
        "start": {
          "line": 44,
          "column": 24
        },
        "end": {
          "line": 46,
          "column": 4
        }
      },
      "12": {
        "start": {
          "line": 48,
          "column": 2
        },
        "end": {
          "line": 53,
          "column": 3
        }
      },
      "13": {
        "start": {
          "line": 49,
          "column": 4
        },
        "end": {
          "line": 52,
          "column": 6
        }
      },
      "14": {
        "start": {
          "line": 54,
          "column": 2
        },
        "end": {
          "line": 54,
          "column": 17
        }
      },
      "15": {
        "start": {
          "line": 61,
          "column": 42
        },
        "end": {
          "line": 80,
          "column": 1
        }
      },
      "16": {
        "start": {
          "line": 65,
          "column": 16
        },
        "end": {
          "line": 65,
          "column": 42
        }
      },
      "17": {
        "start": {
          "line": 67,
          "column": 2
        },
        "end": {
          "line": 74,
          "column": 3
        }
      },
      "18": {
        "start": {
          "line": 68,
          "column": 22
        },
        "end": {
          "line": 68,
          "column": 66
        }
      },
      "19": {
        "start": {
          "line": 69,
          "column": 4
        },
        "end": {
          "line": 69,
          "column": 76
        }
      },
      "20": {
        "start": {
          "line": 70,
          "column": 4
        },
        "end": {
          "line": 70,
          "column": 56
        }
      },
      "21": {
        "start": {
          "line": 71,
          "column": 4
        },
        "end": {
          "line": 71,
          "column": 61
        }
      },
      "22": {
        "start": {
          "line": 72,
          "column": 4
        },
        "end": {
          "line": 72,
          "column": 50
        }
      },
      "23": {
        "start": {
          "line": 73,
          "column": 4
        },
        "end": {
          "line": 73,
          "column": 76
        }
      },
      "24": {
        "start": {
          "line": 76,
          "column": 25
        },
        "end": {
          "line": 78,
          "column": 3
        }
      },
      "25": {
        "start": {
          "line": 79,
          "column": 2
        },
        "end": {
          "line": 79,
          "column": 24
        }
      }
    },
    "fnMap": {
      "0": {
        "name": "(anonymous_0)",
        "decl": {
          "start": {
            "line": 12,
            "column": 58
          },
          "end": {
            "line": 12,
            "column": 59
          }
        },
        "loc": {
          "start": {
            "line": 14,
            "column": 6
          },
          "end": {
            "line": 25,
            "column": 1
          }
        },
        "line": 14
      },
      "1": {
        "name": "(anonymous_1)",
        "decl": {
          "start": {
            "line": 37,
            "column": 58
          },
          "end": {
            "line": 37,
            "column": 59
          }
        },
        "loc": {
          "start": {
            "line": 39,
            "column": 6
          },
          "end": {
            "line": 55,
            "column": 1
          }
        },
        "line": 39
      },
      "2": {
        "name": "(anonymous_2)",
        "decl": {
          "start": {
            "line": 61,
            "column": 42
          },
          "end": {
            "line": 61,
            "column": 43
          }
        },
        "loc": {
          "start": {
            "line": 63,
            "column": 6
          },
          "end": {
            "line": 80,
            "column": 1
          }
        },
        "line": 63
      }
    },
    "branchMap": {
      "0": {
        "loc": {
          "start": {
            "line": 17,
            "column": 2
          },
          "end": {
            "line": 23,
            "column": 3
          }
        },
        "type": "if",
        "locations": [
          {
            "start": {
              "line": 17,
              "column": 2
            },
            "end": {
              "line": 23,
              "column": 3
            }
          },
          {
            "start": {
              "line": 17,
              "column": 2
            },
            "end": {
              "line": 23,
              "column": 3
            }
          }
        ],
        "line": 17
      },
      "1": {
        "loc": {
          "start": {
            "line": 18,
            "column": 17
          },
          "end": {
            "line": 18,
            "column": 63
          }
        },
        "type": "cond-expr",
        "locations": [
          {
            "start": {
              "line": 18,
              "column": 45
            },
            "end": {
              "line": 18,
              "column": 55
            }
          },
          {
            "start": {
              "line": 18,
              "column": 58
            },
            "end": {
              "line": 18,
              "column": 63
            }
          }
        ],
        "line": 18
      },
      "2": {
        "loc": {
          "start": {
            "line": 20,
            "column": 9
          },
          "end": {
            "line": 23,
            "column": 3
          }
        },
        "type": "if",
        "locations": [
          {
            "start": {
              "line": 20,
              "column": 9
            },
            "end": {
              "line": 23,
              "column": 3
            }
          },
          {
            "start": {
              "line": 20,
              "column": 9
            },
            "end": {
              "line": 23,
              "column": 3
            }
          }
        ],
        "line": 20
      },
      "3": {
        "loc": {
          "start": {
            "line": 20,
            "column": 13
          },
          "end": {
            "line": 20,
            "column": 33
          }
        },
        "type": "binary-expr",
        "locations": [
          {
            "start": {
              "line": 20,
              "column": 13
            },
            "end": {
              "line": 20,
              "column": 21
            }
          },
          {
            "start": {
              "line": 20,
              "column": 25
            },
            "end": {
              "line": 20,
              "column": 33
            }
          }
        ],
        "line": 20
      },
      "4": {
        "loc": {
          "start": {
            "line": 48,
            "column": 2
          },
          "end": {
            "line": 53,
            "column": 3
          }
        },
        "type": "if",
        "locations": [
          {
            "start": {
              "line": 48,
              "column": 2
            },
            "end": {
              "line": 53,
              "column": 3
            }
          },
          {
            "start": {
              "line": 48,
              "column": 2
            },
            "end": {
              "line": 53,
              "column": 3
            }
          }
        ],
        "line": 48
      },
      "5": {
        "loc": {
          "start": {
            "line": 67,
            "column": 2
          },
          "end": {
            "line": 74,
            "column": 3
          }
        },
        "type": "if",
        "locations": [
          {
            "start": {
              "line": 67,
              "column": 2
            },
            "end": {
              "line": 74,
              "column": 3
            }
          },
          {
            "start": {
              "line": 67,
              "column": 2
            },
            "end": {
              "line": 74,
              "column": 3
            }
          }
        ],
        "line": 67
      },
      "6": {
        "loc": {
          "start": {
            "line": 67,
            "column": 6
          },
          "end": {
            "line": 67,
            "column": 26
          }
        },
        "type": "binary-expr",
        "locations": [
          {
            "start": {
              "line": 67,
              "column": 6
            },
            "end": {
              "line": 67,
              "column": 14
            }
          },
          {
            "start": {
              "line": 67,
              "column": 18
            },
            "end": {
              "line": 67,
              "column": 26
            }
          }
        ],
        "line": 67
      }
    },
    "s": {
      "0": 3,
      "1": 12,
      "2": 12,
      "3": 2,
      "4": 2,
      "5": 10,
      "6": 3,
      "7": 3,
      "8": 12,
      "9": 3,
      "10": 12,
      "11": 12,
      "12": 12,
      "13": 5,
      "14": 12,
      "15": 3,
      "16": 3,
      "17": 3,
      "18": 3,
      "19": 3,
      "20": 3,
      "21": 2,
      "22": 2,
      "23": 2,
      "24": 2,
      "25": 2
    },
    "f": {
      "0": 12,
      "1": 12,
      "2": 3
    },
    "b": {
      "0": [
        2,
        10
      ],
      "1": [
        2,
        0
      ],
      "2": [
        3,
        7
      ],
      "3": [
        10,
        3
      ],
      "4": [
        5,
        7
      ],
      "5": [
        3,
        0
      ],
      "6": [
        3,
        3
      ]
    },
    "_coverageSchema": "43e27e138ebf9cfc5966b082cf9a028302ed4184",
    "hash": "cefa7d55468a7366c4b0b91f22f821f6e06462f1"
  },
  "/Users/jay/Desktop/gitea-react-toolkit/src/core/gitea-api/core.ts": {
    "path": "/Users/jay/Desktop/gitea-react-toolkit/src/core/gitea-api/core.ts",
    "statementMap": {
      "0": {
        "start": {
          "line": 7,
          "column": 23
        },
        "end": {
          "line": 7,
          "column": 31
        }
      },
      "1": {
        "start": {
          "line": 8,
          "column": 24
        },
        "end": {
          "line": 8,
          "column": 28
        }
      },
      "2": {
        "start": {
          "line": 10,
          "column": 19
        },
        "end": {
          "line": 13,
          "column": 2
        }
      },
      "3": {
        "start": {
          "line": 15,
          "column": 12
        },
        "end": {
          "line": 27,
          "column": 2
        }
      },
      "4": {
        "start": {
          "line": 22,
          "column": 25
        },
        "end": {
          "line": 23,
          "column": 64
        }
      },
      "5": {
        "start": {
          "line": 24,
          "column": 6
        },
        "end": {
          "line": 24,
          "column": 34
        }
      },
      "6": {
        "start": {
          "line": 43,
          "column": 28
        },
        "end": {
          "line": 50,
          "column": 1
        }
      },
      "7": {
        "start": {
          "line": 44,
          "column": 22
        },
        "end": {
          "line": 44,
          "column": 67
        }
      },
      "8": {
        "start": {
          "line": 45,
          "column": 18
        },
        "end": {
          "line": 45,
          "column": 55
        }
      },
      "9": {
        "start": {
          "line": 46,
          "column": 18
        },
        "end": {
          "line": 48,
          "column": 3
        }
      },
      "10": {
        "start": {
          "line": 49,
          "column": 2
        },
        "end": {
          "line": 49,
          "column": 17
        }
      },
      "11": {
        "start": {
          "line": 59,
          "column": 19
        },
        "end": {
          "line": 74,
          "column": 1
        }
      },
      "12": {
        "start": {
          "line": 62,
          "column": 18
        },
        "end": {
          "line": 62,
          "column": 38
        }
      },
      "13": {
        "start": {
          "line": 65,
          "column": 2
        },
        "end": {
          "line": 70,
          "column": 3
        }
      },
      "14": {
        "start": {
          "line": 66,
          "column": 20
        },
        "end": {
          "line": 66,
          "column": 57
        }
      },
      "15": {
        "start": {
          "line": 67,
          "column": 4
        },
        "end": {
          "line": 67,
          "column": 69
        }
      },
      "16": {
        "start": {
          "line": 69,
          "column": 4
        },
        "end": {
          "line": 69,
          "column": 58
        }
      },
      "17": {
        "start": {
          "line": 72,
          "column": 19
        },
        "end": {
          "line": 72,
          "column": 27
        }
      },
      "18": {
        "start": {
          "line": 73,
          "column": 2
        },
        "end": {
          "line": 73,
          "column": 14
        }
      },
      "19": {
        "start": {
          "line": 76,
          "column": 20
        },
        "end": {
          "line": 82,
          "column": 1
        }
      },
      "20": {
        "start": {
          "line": 79,
          "column": 18
        },
        "end": {
          "line": 79,
          "column": 38
        }
      },
      "21": {
        "start": {
          "line": 80,
          "column": 19
        },
        "end": {
          "line": 80,
          "column": 58
        }
      },
      "22": {
        "start": {
          "line": 81,
          "column": 2
        },
        "end": {
          "line": 81,
          "column": 14
        }
      },
      "23": {
        "start": {
          "line": 84,
          "column": 19
        },
        "end": {
          "line": 90,
          "column": 1
        }
      },
      "24": {
        "start": {
          "line": 87,
          "column": 18
        },
        "end": {
          "line": 87,
          "column": 38
        }
      },
      "25": {
        "start": {
          "line": 88,
          "column": 19
        },
        "end": {
          "line": 88,
          "column": 57
        }
      },
      "26": {
        "start": {
          "line": 89,
          "column": 2
        },
        "end": {
          "line": 89,
          "column": 14
        }
      },
      "27": {
        "start": {
          "line": 92,
          "column": 21
        },
        "end": {
          "line": 98,
          "column": 1
        }
      },
      "28": {
        "start": {
          "line": 95,
          "column": 18
        },
        "end": {
          "line": 95,
          "column": 38
        }
      },
      "29": {
        "start": {
          "line": 96,
          "column": 19
        },
        "end": {
          "line": 96,
          "column": 59
        }
      },
      "30": {
        "start": {
          "line": 97,
          "column": 2
        },
        "end": {
          "line": 97,
          "column": 14
        }
      },
      "31": {
        "start": {
          "line": 100,
          "column": 19
        },
        "end": {
          "line": 107,
          "column": 1
        }
      },
      "32": {
        "start": {
          "line": 103,
          "column": 18
        },
        "end": {
          "line": 103,
          "column": 38
        }
      },
      "33": {
        "start": {
          "line": 104,
          "column": 2
        },
        "end": {
          "line": 104,
          "column": 24
        }
      },
      "34": {
        "start": {
          "line": 105,
          "column": 19
        },
        "end": {
          "line": 105,
          "column": 51
        }
      },
      "35": {
        "start": {
          "line": 106,
          "column": 2
        },
        "end": {
          "line": 106,
          "column": 14
        }
      }
    },
    "fnMap": {
      "0": {
        "name": "(anonymous_0)",
        "decl": {
          "start": {
            "line": 21,
            "column": 9
          },
          "end": {
            "line": 21,
            "column": 10
          }
        },
        "loc": {
          "start": {
            "line": 21,
            "column": 16
          },
          "end": {
            "line": 25,
            "column": 5
          }
        },
        "line": 21
      },
      "1": {
        "name": "(anonymous_1)",
        "decl": {
          "start": {
            "line": 43,
            "column": 28
          },
          "end": {
            "line": 43,
            "column": 29
          }
        },
        "loc": {
          "start": {
            "line": 43,
            "column": 65
          },
          "end": {
            "line": 50,
            "column": 1
          }
        },
        "line": 43
      },
      "2": {
        "name": "(anonymous_2)",
        "decl": {
          "start": {
            "line": 59,
            "column": 19
          },
          "end": {
            "line": 59,
            "column": 20
          }
        },
        "loc": {
          "start": {
            "line": 61,
            "column": 25
          },
          "end": {
            "line": 74,
            "column": 1
          }
        },
        "line": 61
      },
      "3": {
        "name": "(anonymous_3)",
        "decl": {
          "start": {
            "line": 76,
            "column": 20
          },
          "end": {
            "line": 76,
            "column": 21
          }
        },
        "loc": {
          "start": {
            "line": 78,
            "column": 32
          },
          "end": {
            "line": 82,
            "column": 1
          }
        },
        "line": 78
      },
      "4": {
        "name": "(anonymous_4)",
        "decl": {
          "start": {
            "line": 84,
            "column": 19
          },
          "end": {
            "line": 84,
            "column": 20
          }
        },
        "loc": {
          "start": {
            "line": 86,
            "column": 32
          },
          "end": {
            "line": 90,
            "column": 1
          }
        },
        "line": 86
      },
      "5": {
        "name": "(anonymous_5)",
        "decl": {
          "start": {
            "line": 92,
            "column": 21
          },
          "end": {
            "line": 92,
            "column": 22
          }
        },
        "loc": {
          "start": {
            "line": 94,
            "column": 32
          },
          "end": {
            "line": 98,
            "column": 1
          }
        },
        "line": 94
      },
      "6": {
        "name": "(anonymous_6)",
        "decl": {
          "start": {
            "line": 100,
            "column": 19
          },
          "end": {
            "line": 100,
            "column": 20
          }
        },
        "loc": {
          "start": {
            "line": 102,
            "column": 32
          },
          "end": {
            "line": 107,
            "column": 1
          }
        },
        "line": 102
      }
    },
    "branchMap": {
      "0": {
        "loc": {
          "start": {
            "line": 22,
            "column": 25
          },
          "end": {
            "line": 23,
            "column": 64
          }
        },
        "type": "cond-expr",
        "locations": [
          {
            "start": {
              "line": 23,
              "column": 8
            },
            "end": {
              "line": 23,
              "column": 29
            }
          },
          {
            "start": {
              "line": 23,
              "column": 32
            },
            "end": {
              "line": 23,
              "column": 64
            }
          }
        ],
        "line": 22
      },
      "1": {
        "loc": {
          "start": {
            "line": 23,
            "column": 32
          },
          "end": {
            "line": 23,
            "column": 64
          }
        },
        "type": "binary-expr",
        "locations": [
          {
            "start": {
              "line": 23,
              "column": 32
            },
            "end": {
              "line": 23,
              "column": 58
            }
          },
          {
            "start": {
              "line": 23,
              "column": 62
            },
            "end": {
              "line": 23,
              "column": 64
            }
          }
        ],
        "line": 23
      },
      "2": {
        "loc": {
          "start": {
            "line": 60,
            "column": 7
          },
          "end": {
            "line": 60,
            "column": 18
          }
        },
        "type": "default-arg",
        "locations": [
          {
            "start": {
              "line": 60,
              "column": 16
            },
            "end": {
              "line": 60,
              "column": 18
            }
          }
        ],
        "line": 60
      },
      "3": {
        "loc": {
          "start": {
            "line": 65,
            "column": 2
          },
          "end": {
            "line": 70,
            "column": 3
          }
        },
        "type": "if",
        "locations": [
          {
            "start": {
              "line": 65,
              "column": 2
            },
            "end": {
              "line": 70,
              "column": 3
            }
          },
          {
            "start": {
              "line": 65,
              "column": 2
            },
            "end": {
              "line": 70,
              "column": 3
            }
          }
        ],
        "line": 65
      }
    },
    "s": {
      "0": 3,
      "1": 3,
      "2": 3,
      "3": 3,
      "4": 5,
      "5": 5,
      "6": 3,
      "7": 7,
      "8": 7,
      "9": 7,
      "10": 7,
      "11": 3,
      "12": 5,
      "13": 5,
      "14": 0,
      "15": 0,
      "16": 5,
      "17": 1,
      "18": 1,
      "19": 3,
      "20": 2,
      "21": 2,
      "22": 0,
      "23": 3,
      "24": 0,
      "25": 0,
      "26": 0,
      "27": 3,
      "28": 0,
      "29": 0,
      "30": 0,
      "31": 3,
      "32": 0,
      "33": 0,
      "34": 0,
      "35": 0
    },
    "f": {
      "0": 5,
      "1": 7,
      "2": 5,
      "3": 2,
      "4": 0,
      "5": 0,
      "6": 0
    },
    "b": {
      "0": [
        0,
        5
      ],
      "1": [
        5,
        0
      ],
      "2": [
        5
      ],
      "3": [
        0,
        5
      ]
    },
    "_coverageSchema": "43e27e138ebf9cfc5966b082cf9a028302ed4184",
    "hash": "aad664478815dc8c06cf14ffa6d56b14e79f5b4b"
  },
  "/Users/jay/Desktop/gitea-react-toolkit/src/core/gitea-api/repos/repos.ts": {
    "path": "/Users/jay/Desktop/gitea-react-toolkit/src/core/gitea-api/repos/repos.ts",
    "statementMap": {
      "0": {
        "start": {
          "line": 13,
          "column": 26
        },
        "end": {
          "line": 30,
          "column": 1
        }
      },
      "1": {
        "start": {
          "line": 16,
          "column": 14
        },
        "end": {
          "line": 16,
          "column": 49
        }
      },
      "2": {
        "start": {
          "line": 17,
          "column": 18
        },
        "end": {
          "line": 25,
          "column": 3
        }
      },
      "3": {
        "start": {
          "line": 26,
          "column": 19
        },
        "end": {
          "line": 28,
          "column": 4
        }
      },
      "4": {
        "start": {
          "line": 29,
          "column": 2
        },
        "end": {
          "line": 29,
          "column": 18
        }
      },
      "5": {
        "start": {
          "line": 39,
          "column": 24
        },
        "end": {
          "line": 53,
          "column": 1
        }
      },
      "6": {
        "start": {
          "line": 42,
          "column": 14
        },
        "end": {
          "line": 42,
          "column": 54
        }
      },
      "7": {
        "start": {
          "line": 45,
          "column": 2
        },
        "end": {
          "line": 51,
          "column": 3
        }
      },
      "8": {
        "start": {
          "line": 46,
          "column": 4
        },
        "end": {
          "line": 48,
          "column": 7
        }
      },
      "9": {
        "start": {
          "line": 50,
          "column": 4
        },
        "end": {
          "line": 50,
          "column": 20
        }
      },
      "10": {
        "start": {
          "line": 52,
          "column": 2
        },
        "end": {
          "line": 52,
          "column": 18
        }
      },
      "11": {
        "start": {
          "line": 62,
          "column": 26
        },
        "end": {
          "line": 75,
          "column": 1
        }
      },
      "12": {
        "start": {
          "line": 65,
          "column": 19
        },
        "end": {
          "line": 67,
          "column": 4
        }
      },
      "13": {
        "start": {
          "line": 69,
          "column": 2
        },
        "end": {
          "line": 73,
          "column": 3
        }
      },
      "14": {
        "start": {
          "line": 70,
          "column": 4
        },
        "end": {
          "line": 72,
          "column": 7
        }
      },
      "15": {
        "start": {
          "line": 74,
          "column": 2
        },
        "end": {
          "line": 74,
          "column": 20
        }
      },
      "16": {
        "start": {
          "line": 78,
          "column": 26
        },
        "end": {
          "line": 109,
          "column": 1
        }
      },
      "17": {
        "start": {
          "line": 81,
          "column": 14
        },
        "end": {
          "line": 81,
          "column": 54
        }
      },
      "18": {
        "start": {
          "line": 82,
          "column": 18
        },
        "end": {
          "line": 98,
          "column": 3
        }
      },
      "19": {
        "start": {
          "line": 101,
          "column": 2
        },
        "end": {
          "line": 107,
          "column": 3
        }
      },
      "20": {
        "start": {
          "line": 102,
          "column": 4
        },
        "end": {
          "line": 104,
          "column": 7
        }
      },
      "21": {
        "start": {
          "line": 106,
          "column": 4
        },
        "end": {
          "line": 106,
          "column": 20
        }
      },
      "22": {
        "start": {
          "line": 108,
          "column": 2
        },
        "end": {
          "line": 108,
          "column": 18
        }
      },
      "23": {
        "start": {
          "line": 112,
          "column": 26
        },
        "end": {
          "line": 126,
          "column": 1
        }
      },
      "24": {
        "start": {
          "line": 115,
          "column": 14
        },
        "end": {
          "line": 115,
          "column": 54
        }
      },
      "25": {
        "start": {
          "line": 118,
          "column": 2
        },
        "end": {
          "line": 124,
          "column": 3
        }
      },
      "26": {
        "start": {
          "line": 119,
          "column": 4
        },
        "end": {
          "line": 121,
          "column": 7
        }
      },
      "27": {
        "start": {
          "line": 123,
          "column": 4
        },
        "end": {
          "line": 123,
          "column": 20
        }
      },
      "28": {
        "start": {
          "line": 125,
          "column": 2
        },
        "end": {
          "line": 125,
          "column": 18
        }
      }
    },
    "fnMap": {
      "0": {
        "name": "(anonymous_0)",
        "decl": {
          "start": {
            "line": 13,
            "column": 26
          },
          "end": {
            "line": 13,
            "column": 27
          }
        },
        "loc": {
          "start": {
            "line": 15,
            "column": 42
          },
          "end": {
            "line": 30,
            "column": 1
          }
        },
        "line": 15
      },
      "1": {
        "name": "(anonymous_1)",
        "decl": {
          "start": {
            "line": 39,
            "column": 24
          },
          "end": {
            "line": 39,
            "column": 25
          }
        },
        "loc": {
          "start": {
            "line": 41,
            "column": 40
          },
          "end": {
            "line": 53,
            "column": 1
          }
        },
        "line": 41
      },
      "2": {
        "name": "(anonymous_2)",
        "decl": {
          "start": {
            "line": 62,
            "column": 26
          },
          "end": {
            "line": 62,
            "column": 27
          }
        },
        "loc": {
          "start": {
            "line": 64,
            "column": 42
          },
          "end": {
            "line": 75,
            "column": 1
          }
        },
        "line": 64
      },
      "3": {
        "name": "(anonymous_3)",
        "decl": {
          "start": {
            "line": 78,
            "column": 26
          },
          "end": {
            "line": 78,
            "column": 27
          }
        },
        "loc": {
          "start": {
            "line": 80,
            "column": 42
          },
          "end": {
            "line": 109,
            "column": 1
          }
        },
        "line": 80
      },
      "4": {
        "name": "(anonymous_4)",
        "decl": {
          "start": {
            "line": 112,
            "column": 26
          },
          "end": {
            "line": 112,
            "column": 27
          }
        },
        "loc": {
          "start": {
            "line": 114,
            "column": 40
          },
          "end": {
            "line": 126,
            "column": 1
          }
        },
        "line": 114
      }
    },
    "branchMap": {
      "0": {
        "loc": {
          "start": {
            "line": 69,
            "column": 2
          },
          "end": {
            "line": 73,
            "column": 3
          }
        },
        "type": "if",
        "locations": [
          {
            "start": {
              "line": 69,
              "column": 2
            },
            "end": {
              "line": 73,
              "column": 3
            }
          },
          {
            "start": {
              "line": 69,
              "column": 2
            },
            "end": {
              "line": 73,
              "column": 3
            }
          }
        ],
        "line": 69
      }
    },
    "s": {
      "0": 3,
      "1": 0,
      "2": 0,
      "3": 0,
      "4": 0,
      "5": 3,
      "6": 0,
      "7": 0,
      "8": 0,
      "9": 0,
      "10": 0,
      "11": 3,
      "12": 0,
      "13": 0,
      "14": 0,
      "15": 0,
      "16": 3,
      "17": 0,
      "18": 0,
      "19": 0,
      "20": 0,
      "21": 0,
      "22": 0,
      "23": 3,
      "24": 0,
      "25": 0,
      "26": 0,
      "27": 0,
      "28": 0
    },
    "f": {
      "0": 0,
      "1": 0,
      "2": 0,
      "3": 0,
      "4": 0
    },
    "b": {
      "0": [
        0,
        0
      ]
    },
    "_coverageSchema": "43e27e138ebf9cfc5966b082cf9a028302ed4184",
    "hash": "d82f622581dfe469183e89c48be1dc8847f66ea5"
  },
  "/Users/jay/Desktop/gitea-react-toolkit/src/core/gitea-api/repos/git/trees.ts": {
    "path": "/Users/jay/Desktop/gitea-react-toolkit/src/core/gitea-api/repos/git/trees.ts",
    "statementMap": {
      "0": {
        "start": {
          "line": 5,
          "column": 23
        },
        "end": {
          "line": 9,
          "column": 1
        }
      },
      "1": {
        "start": {
          "line": 6,
          "column": 19
        },
        "end": {
          "line": 6,
          "column": 45
        }
      },
      "2": {
        "start": {
          "line": 7,
          "column": 18
        },
        "end": {
          "line": 7,
          "column": 31
        }
      },
      "3": {
        "start": {
          "line": 8,
          "column": 2
        },
        "end": {
          "line": 8,
          "column": 17
        }
      },
      "4": {
        "start": {
          "line": 12,
          "column": 25
        },
        "end": {
          "line": 21,
          "column": 1
        }
      },
      "5": {
        "start": {
          "line": 13,
          "column": 2
        },
        "end": {
          "line": 20,
          "column": 3
        }
      },
      "6": {
        "start": {
          "line": 14,
          "column": 16
        },
        "end": {
          "line": 14,
          "column": 83
        }
      },
      "7": {
        "start": {
          "line": 15,
          "column": 17
        },
        "end": {
          "line": 15,
          "column": 43
        }
      },
      "8": {
        "start": {
          "line": 16,
          "column": 17
        },
        "end": {
          "line": 16,
          "column": 33
        }
      },
      "9": {
        "start": {
          "line": 17,
          "column": 4
        },
        "end": {
          "line": 17,
          "column": 16
        }
      },
      "10": {
        "start": {
          "line": 19,
          "column": 4
        },
        "end": {
          "line": 19,
          "column": 16
        }
      },
      "11": {
        "start": {
          "line": 24,
          "column": 27
        },
        "end": {
          "line": 27,
          "column": 1
        }
      },
      "12": {
        "start": {
          "line": 25,
          "column": 14
        },
        "end": {
          "line": 25,
          "column": 94
        }
      },
      "13": {
        "start": {
          "line": 26,
          "column": 2
        },
        "end": {
          "line": 26,
          "column": 13
        }
      }
    },
    "fnMap": {
      "0": {
        "name": "(anonymous_0)",
        "decl": {
          "start": {
            "line": 5,
            "column": 23
          },
          "end": {
            "line": 5,
            "column": 24
          }
        },
        "loc": {
          "start": {
            "line": 5,
            "column": 50
          },
          "end": {
            "line": 9,
            "column": 1
          }
        },
        "line": 5
      },
      "1": {
        "name": "(anonymous_1)",
        "decl": {
          "start": {
            "line": 12,
            "column": 25
          },
          "end": {
            "line": 12,
            "column": 26
          }
        },
        "loc": {
          "start": {
            "line": 12,
            "column": 82
          },
          "end": {
            "line": 21,
            "column": 1
          }
        },
        "line": 12
      },
      "2": {
        "name": "(anonymous_2)",
        "decl": {
          "start": {
            "line": 24,
            "column": 27
          },
          "end": {
            "line": 24,
            "column": 28
          }
        },
        "loc": {
          "start": {
            "line": 24,
            "column": 70
          },
          "end": {
            "line": 27,
            "column": 1
          }
        },
        "line": 24
      }
    },
    "branchMap": {
      "0": {
        "loc": {
          "start": {
            "line": 12,
            "column": 53
          },
          "end": {
            "line": 12,
            "column": 67
          }
        },
        "type": "default-arg",
        "locations": [
          {
            "start": {
              "line": 12,
              "column": 59
            },
            "end": {
              "line": 12,
              "column": 67
            }
          }
        ],
        "line": 12
      },
      "1": {
        "loc": {
          "start": {
            "line": 25,
            "column": 69
          },
          "end": {
            "line": 25,
            "column": 93
          }
        },
        "type": "binary-expr",
        "locations": [
          {
            "start": {
              "line": 25,
              "column": 69
            },
            "end": {
              "line": 25,
              "column": 75
            }
          },
          {
            "start": {
              "line": 25,
              "column": 79
            },
            "end": {
              "line": 25,
              "column": 93
            }
          }
        ],
        "line": 25
      }
    },
    "s": {
      "0": 3,
      "1": 0,
      "2": 0,
      "3": 0,
      "4": 3,
      "5": 0,
      "6": 0,
      "7": 0,
      "8": 0,
      "9": 0,
      "10": 0,
      "11": 3,
      "12": 0,
      "13": 0
    },
    "f": {
      "0": 0,
      "1": 0,
      "2": 0
    },
    "b": {
      "0": [
        0
      ],
      "1": [
        0,
        0
      ]
    },
    "_coverageSchema": "43e27e138ebf9cfc5966b082cf9a028302ed4184",
    "hash": "a5279f46200f764482cc875a5f5371f7522421ca"
  },
  "/Users/jay/Desktop/gitea-react-toolkit/src/core/gitea-api/repos/contents.ts": {
    "path": "/Users/jay/Desktop/gitea-react-toolkit/src/core/gitea-api/repos/contents.ts",
    "statementMap": {
      "0": {
        "start": {
          "line": 17,
          "column": 29
        },
        "end": {
          "line": 25,
          "column": 1
        }
      },
      "1": {
        "start": {
          "line": 20,
          "column": 14
        },
        "end": {
          "line": 20,
          "column": 76
        }
      },
      "2": {
        "start": {
          "line": 21,
          "column": 19
        },
        "end": {
          "line": 23,
          "column": 4
        }
      },
      "3": {
        "start": {
          "line": 24,
          "column": 2
        },
        "end": {
          "line": 24,
          "column": 18
        }
      },
      "4": {
        "start": {
          "line": 35,
          "column": 27
        },
        "end": {
          "line": 49,
          "column": 1
        }
      },
      "5": {
        "start": {
          "line": 38,
          "column": 14
        },
        "end": {
          "line": 38,
          "column": 76
        }
      },
      "6": {
        "start": {
          "line": 41,
          "column": 2
        },
        "end": {
          "line": 47,
          "column": 3
        }
      },
      "7": {
        "start": {
          "line": 42,
          "column": 4
        },
        "end": {
          "line": 44,
          "column": 7
        }
      },
      "8": {
        "start": {
          "line": 46,
          "column": 4
        },
        "end": {
          "line": 46,
          "column": 20
        }
      },
      "9": {
        "start": {
          "line": 48,
          "column": 2
        },
        "end": {
          "line": 48,
          "column": 18
        }
      },
      "10": {
        "start": {
          "line": 52,
          "column": 29
        },
        "end": {
          "line": 66,
          "column": 1
        }
      },
      "11": {
        "start": {
          "line": 55,
          "column": 14
        },
        "end": {
          "line": 55,
          "column": 76
        }
      },
      "12": {
        "start": {
          "line": 58,
          "column": 2
        },
        "end": {
          "line": 64,
          "column": 3
        }
      },
      "13": {
        "start": {
          "line": 59,
          "column": 4
        },
        "end": {
          "line": 61,
          "column": 7
        }
      },
      "14": {
        "start": {
          "line": 63,
          "column": 4
        },
        "end": {
          "line": 63,
          "column": 20
        }
      },
      "15": {
        "start": {
          "line": 65,
          "column": 2
        },
[...]
            "column": 10
          },
          "end": {
            "line": 61,
            "column": 11
          }
        },
        "type": "if",
        "locations": [
          {
            "start": {
              "line": 57,
              "column": 10
            },
            "end": {
              "line": 61,
              "column": 11
            }
          },
          {
            "start": {
              "line": 57,
              "column": 10
            },
            "end": {
              "line": 61,
              "column": 11
            }
          }
        ],
        "line": 57
      },
      "6": {
        "loc": {
          "start": {
            "line": 60,
            "column": 12
          },
          "end": {
            "line": 60,
            "column": 63
          }
        },
        "type": "if",
        "locations": [
          {
            "start": {
              "line": 60,
              "column": 12
            },
            "end": {
              "line": 60,
              "column": 63
            }
          },
          {
            "start": {
              "line": 60,
              "column": 12
            },
            "end": {
              "line": 60,
              "column": 63
            }
          }
        ],
        "line": 60
      },
      "7": {
        "loc": {
          "start": {
            "line": 68,
            "column": 4
          },
          "end": {
            "line": 68,
            "column": 59
          }
        },
        "type": "if",
        "locations": [
          {
            "start": {
              "line": 68,
              "column": 4
            },
            "end": {
              "line": 68,
              "column": 59
            }
          },
          {
            "start": {
              "line": 68,
              "column": 4
            },
            "end": {
              "line": 68,
              "column": 59
            }
          }
        ],
        "line": 68
      },
      "8": {
        "loc": {
          "start": {
            "line": 68,
            "column": 8
          },
          "end": {
            "line": 68,
            "column": 42
          }
        },
        "type": "binary-expr",
        "locations": [
          {
            "start": {
              "line": 68,
              "column": 8
            },
            "end": {
              "line": 68,
              "column": 18
            }
          },
          {
            "start": {
              "line": 68,
              "column": 22
            },
            "end": {
              "line": 68,
              "column": 30
            }
          },
          {
            "start": {
              "line": 68,
              "column": 34
            },
            "end": {
              "line": 68,
              "column": 42
            }
          }
        ],
        "line": 68
      },
      "9": {
        "loc": {
          "start": {
            "line": 71,
            "column": 4
          },
          "end": {
            "line": 73,
            "column": 5
          }
        },
        "type": "if",
        "locations": [
          {
            "start": {
              "line": 71,
              "column": 4
            },
            "end": {
              "line": 73,
              "column": 5
            }
          },
          {
            "start": {
              "line": 71,
              "column": 4
            },
            "end": {
              "line": 73,
              "column": 5
            }
          }
        ],
        "line": 71
      }
    },
    "s": {
      "0": 0,
      "1": 0,
      "2": 0,
      "3": 0,
      "4": 0,
      "5": 0,
      "6": 0,
      "7": 0,
      "8": 0,
      "9": 0,
      "10": 0,
      "11": 0,
      "12": 0,
      "13": 0,
      "14": 0,
      "15": 0,
      "16": 0,
      "17": 0,
      "18": 0,
      "19": 0,
      "20": 0,
      "21": 0,
      "22": 0,
      "23": 0,
      "24": 0,
      "25": 0,
      "26": 0,
      "27": 0,
      "28": 0,
      "29": 0,
      "30": 0,
      "31": 0,
      "32": 0,
      "33": 0,
      "34": 0,
      "35": 0,
      "36": 0,
      "37": 0,
      "38": 0,
      "39": 0,
      "40": 0,
      "41": 0,
      "42": 0,
      "43": 0,
      "44": 3
    },
    "f": {
      "0": 0,
      "1": 0,
      "2": 0,
      "3": 0,
      "4": 0,
      "5": 0,
      "6": 0,
      "7": 0
    },
    "b": {
      "0": [
        0,
        0
      ],
      "1": [
        0,
        0
      ],
      "2": [
        0,
        0
      ],
      "3": [
        0,
        0
      ],
      "4": [
        0,
        0
      ],
      "5": [
        0,
        0
      ],
      "6": [
        0,
        0
      ],
      "7": [
        0,
        0
      ],
      "8": [
        0,
        0,
        0
      ],
      "9": [
        0,
        0
      ]
    },
    "_coverageSchema": "43e27e138ebf9cfc5966b082cf9a028302ed4184",
    "hash": "4f6a2f5080b016ad684a7bf57f0052a6dd00f4a2"
  },
  "/Users/jay/Desktop/gitea-react-toolkit/src/components/file/index.js": {
    "path": "/Users/jay/Desktop/gitea-react-toolkit/src/components/file/index.js",
    "statementMap": {},
    "fnMap": {},
    "branchMap": {},
    "s": {},
    "f": {},
    "b": {},
    "_coverageSchema": "43e27e138ebf9cfc5966b082cf9a028302ed4184",
    "hash": "f685d61795fb118ad6114e889b46fc084e6a57ab"
  },
  "/Users/jay/Desktop/gitea-react-toolkit/src/components/form/FormCheckbox.js": {
    "path": "/Users/jay/Desktop/gitea-react-toolkit/src/components/form/FormCheckbox.js",
    "statementMap": {
      "0": {
        "start": {
          "line": 16,
          "column": 2
        },
        "end": {
          "line": 25,
          "column": 4
        }
      },
      "1": {
        "start": {
          "line": 28,
          "column": 0
        },
        "end": {
          "line": 42,
          "column": 2
        }
      },
      "2": {
        "start": {
          "line": 44,
          "column": 0
        },
        "end": {
          "line": 45,
          "column": 1
        }
      },
      "3": {
        "start": {
          "line": 47,
          "column": 15
        },
        "end": {
          "line": 49,
          "column": 2
        }
      },
      "4": {
        "start": {
          "line": 47,
          "column": 25
        },
        "end": {
          "line": 49,
          "column": 1
        }
      },
      "5": {
        "start": {
          "line": 51,
          "column": 28
        },
        "end": {
          "line": 51,
          "column": 69
        }
      }
    },
    "fnMap": {
      "0": {
        "name": "FormCheckboxComponent",
        "decl": {
          "start": {
            "line": 9,
            "column": 9
          },
          "end": {
            "line": 9,
            "column": 30
          }
        },
        "loc": {
          "start": {
            "line": 15,
            "column": 3
          },
          "end": {
            "line": 26,
            "column": 1
          }
        },
        "line": 15
      },
      "1": {
        "name": "(anonymous_1)",
        "decl": {
          "start": {
            "line": 47,
            "column": 15
          },
          "end": {
            "line": 47,
            "column": 16
          }
        },
        "loc": {
          "start": {
            "line": 47,
            "column": 25
          },
          "end": {
            "line": 49,
            "column": 1
          }
        },
        "line": 47
      }
    },
    "branchMap": {},
    "s": {
      "0": 0,
      "1": 3,
      "2": 3,
      "3": 3,
      "4": 0,
      "5": 3
    },
    "f": {
      "0": 0,
      "1": 0
    },
    "b": {},
    "_coverageSchema": "43e27e138ebf9cfc5966b082cf9a028302ed4184",
    "hash": "68a25930d7000b36e6b7ccd409641d833743f43f"
  },
  "/Users/jay/Desktop/gitea-react-toolkit/src/components/form/index.js": {
    "path": "/Users/jay/Desktop/gitea-react-toolkit/src/components/form/index.js",
    "statementMap": {},
    "fnMap": {},
    "branchMap": {},
    "s": {},
    "f": {},
    "b": {},
    "_coverageSchema": "43e27e138ebf9cfc5966b082cf9a028302ed4184",
    "hash": "ad55c6fa52e544f73a586548f942cf2d561bf889"
  },
  "/Users/jay/Desktop/gitea-react-toolkit/src/components/index.js": {
    "path": "/Users/jay/Desktop/gitea-react-toolkit/src/components/index.js",
    "statementMap": {},
    "fnMap": {},
    "branchMap": {},
    "s": {},
    "f": {},
    "b": {},
    "_coverageSchema": "43e27e138ebf9cfc5966b082cf9a028302ed4184",
    "hash": "28784697e8bf225e2d2fec547f689bf97c1e0fac"
  },
  "/Users/jay/Desktop/gitea-react-toolkit/src/components/authentication/Authentication.mdx": {
    "path": "/Users/jay/Desktop/gitea-react-toolkit/src/components/authentication/Authentication.mdx",
    "statementMap": {
      "0": {
        "start": {
          "line": 13,
          "column": 22
        },
        "end": {
          "line": 16,
          "column": 1
        }
      },
      "1": {
        "start": {
          "line": 13,
          "column": 30
        },
        "end": {
          "line": 16,
          "column": 1
        }
      },
      "2": {
        "start": {
          "line": 14,
          "column": 2
        },
        "end": {
          "line": 14,
          "column": 111
        }
      },
      "3": {
        "start": {
          "line": 15,
          "column": 2
        },
        "end": {
          "line": 15,
          "column": 26
        }
      },
      "4": {
        "start": {
          "line": 17,
          "column": 29
        },
        "end": {
          "line": 17,
          "column": 66
        }
      },
      "5": {
        "start": {
          "line": 18,
          "column": 20
        },
        "end": {
          "line": 20,
          "column": 1
        }
      },
      "6": {
        "start": {
          "line": 21,
          "column": 18
        },
        "end": {
          "line": 21,
          "column": 27
        }
      },
      "7": {
        "start": {
          "line": 26,
          "column": 2
        },
        "end": {
          "line": 190,
          "column": 17
        }
      },
      "8": {
        "start": {
          "line": 67,
          "column": 10
        },
        "end": {
          "line": 78,
          "column": 14
        }
      },
      "9": {
        "start": {
          "line": 74,
          "column": 37
        },
        "end": {
          "line": 74,
          "column": 112
        }
      },
      "10": {
        "start": {
          "line": 75,
          "column": 37
        },
        "end": {
          "line": 75,
          "column": 95
        }
      },
      "11": {
        "start": {
          "line": 76,
          "column": 63
        },
        "end": {
          "line": 76,
          "column": 86
        }
      },
      "12": {
        "start": {
          "line": 85,
          "column": 37
        },
        "end": {
          "line": 85,
          "column": 64
        }
      },
      "13": {
        "start": {
          "line": 87,
          "column": 8
        },
        "end": {
          "line": 109,
          "column": 13
        }
      },
      "14": {
        "start": {
          "line": 139,
          "column": 52
        },
        "end": {
          "line": 139,
          "column": 68
        }
      },
      "15": {
        "start": {
          "line": 140,
          "column": 8
        },
        "end": {
          "line": 152,
          "column": 13
        }
      },
      "16": {
        "start": {
          "line": 150,
          "column": 12
        },
        "end": {
          "line": 150,
          "column": 36
        }
      },
      "17": {
        "start": {
          "line": 185,
          "column": 10
        },
        "end": {
          "line": 185,
          "column": 57
        }
      },
      "18": {
        "start": {
          "line": 194,
          "column": 0
        },
        "end": {
          "line": 194,
          "column": 33
        }
      }
    },
    "fnMap": {
      "0": {
        "name": "(anonymous_0)",
        "decl": {
          "start": {
            "line": 13,
            "column": 22
          },
          "end": {
            "line": 13,
            "column": 23
          }
        },
        "loc": {
          "start": {
            "line": 13,
            "column": 30
          },
          "end": {
            "line": 16,
            "column": 1
          }
        },
        "line": 13
      },
      "1": {
        "name": "MDXDefaultShortcode",
        "decl": {
          "start": {
            "line": 13,
            "column": 39
          },
          "end": {
            "line": 13,
            "column": 58
          }
        },
        "loc": {
          "start": {
            "line": 13,
            "column": 66
          },
          "end": {
            "line": 16,
            "column": 1
          }
        },
        "line": 13
      },
      "2": {
        "name": "MDXContent",
        "decl": {
          "start": {
            "line": 22,
            "column": 24
          },
          "end": {
            "line": 22,
            "column": 34
          }
        },
        "loc": {
          "start": {
            "line": 25,
            "column": 3
          },
          "end": {
            "line": 191,
            "column": 1
          }
        },
        "line": 25
      },
      "3": {
        "name": "(anonymous_3)",
        "decl": {
          "start": {
            "line": 57,
            "column": 7
          },
          "end": {
            "line": 57,
            "column": 8
          }
        },
        "loc": {
          "start": {
            "line": 57,
            "column": 13
          },
          "end": {
            "line": 110,
            "column": 7
          }
        },
        "line": 57
      },
      "4": {
        "name": "Mission",
        "decl": {
          "start": {
            "line": 59,
            "column": 17
          },
          "end": {
            "line": 59,
            "column": 24
          }
        },
        "loc": {
          "start": {
            "line": 66,
            "column": 11
          },
          "end": {
            "line": 79,
            "column": 9
          }
        },
        "line": 66
      },
      "5": {
        "name": "(anonymous_5)",
        "decl": {
          "start": {
            "line": 74,
            "column": 31
          },
          "end": {
            "line": 74,
            "column": 32
          }
        },
        "loc": {
          "start": {
            "line": 74,
            "column": 37
          },
          "end": {
            "line": 74,
            "column": 112
          }
        },
        "line": 74
      },
      "6": {
        "name": "(anonymous_6)",
        "decl": {
          "start": {
            "line": 75,
            "column": 31
          },
          "end": {
            "line": 75,
            "column": 32
          }
        },
        "loc": {
          "start": {
            "line": 75,
            "column": 37
          },
          "end": {
            "line": 75,
            "column": 95
          }
        },
        "line": 75
      },
      "7": {
        "name": "(anonymous_7)",
        "decl": {
          "start": {
            "line": 76,
            "column": 57
          },
          "end": {
            "line": 76,
            "column": 58
          }
        },
        "loc": {
          "start": {
            "line": 76,
            "column": 63
          },
          "end": {
            "line": 76,
            "column": 86
          }
        },
        "line": 76
      },
      "8": {
        "name": "(anonymous_8)",
        "decl": {
          "start": {
            "line": 138,
            "column": 7
          },
          "end": {
            "line": 138,
            "column": 8
          }
        },
        "loc": {
          "start": {
            "line": 138,
            "column": 13
          },
          "end": {
            "line": 153,
            "column": 7
          }
        },
        "line": 138
      },
      "9": {
        "name": "(anonymous_9)",
        "decl": {
          "start": {
            "line": 149,
            "column": 63
          },
          "end": {
            "line": 149,
            "column": 64
          }
        },
        "loc": {
          "start": {
            "line": 149,
            "column": 71
          },
          "end": {
            "line": 151,
            "column": 11
          }
        },
        "line": 149
      },
      "10": {
        "name": "(anonymous_10)",
        "decl": {
          "start": {
            "line": 184,
            "column": 42
          },
          "end": {
            "line": 184,
            "column": 43
          }
        },
        "loc": {
          "start": {
            "line": 184,
            "column": 54
          },
          "end": {
            "line": 186,
            "column": 9
          }
        },
        "line": 184
      }
    },
    "branchMap": {
      "0": {
        "loc": {
          "start": {
            "line": 38,
            "column": 13
          },
          "end": {
            "line": 38,
            "column": 38
          }
        },
        "type": "cond-expr",
        "locations": [
          {
            "start": {
              "line": 38,
              "column": 20
            },
            "end": {
              "line": 38,
              "column": 30
            }
          },
          {
            "start": {
              "line": 38,
              "column": 33
            },
            "end": {
              "line": 38,
              "column": 38
            }
          }
        ],
        "line": 38
      },
      "1": {
        "loc": {
          "start": {
            "line": 119,
            "column": 13
          },
          "end": {
            "line": 119,
            "column": 38
          }
        },
        "type": "cond-expr",
        "locations": [
          {
            "start": {
              "line": 119,
              "column": 20
            },
            "end": {
              "line": 119,
              "column": 30
            }
          },
          {
            "start": {
              "line": 119,
              "column": 33
            },
            "end": {
              "line": 119,
              "column": 38
            }
          }
        ],
        "line": 119
      },
      "2": {
        "loc": {
          "start": {
            "line": 162,
            "column": 13
          },
          "end": {
            "line": 162,
            "column": 38
          }
        },
        "type": "cond-expr",
        "locations": [
          {
            "start": {
              "line": 162,
              "column": 20
            },
            "end": {
              "line": 162,
              "column": 30
            }
          },
          {
            "start": {
              "line": 162,
              "column": 33
            },
            "end": {
              "line": 162,
              "column": 38
            }
          }
        ],
        "line": 162
      }
    },
    "s": {
      "0": 3,
      "1": 3,
      "2": 0,
      "3": 0,
      "4": 3,
      "5": 3,
      "6": 3,
      "7": 3,
      "8": 0,
      "9": 0,
      "10": 0,
      "11": 0,
      "12": 0,
      "13": 0,
      "14": 0,
      "15": 0,
      "16": 0,
      "17": 0,
      "18": 3
    },
    "f": {
      "0": 3,
      "1": 0,
      "2": 3,
      "3": 0,
      "4": 0,
      "5": 0,
      "6": 0,
      "7": 0,
      "8": 0,
      "9": 0,
      "10": 0
    },
    "b": {
      "0": [
        0,
        3
      ],
      "1": [
        0,
        3
      ],
      "2": [
        0,
        3
      ]
    },
    "_coverageSchema": "43e27e138ebf9cfc5966b082cf9a028302ed4184",
    "hash": "b7b69c860c1c270bb7bcf5a1b9ae29432c07b61d"
  }
}